[default-logger][12:52:01][862383][trace   ] [main.cc:13]你好！小明
[default-logger][12:52:01][862383][debug   ] [main.cc:14]你好!小明
[default-logger][12:52:01][862383][info    ] [main.cc:15]你好!小明
[default-logger][12:52:01][862383][warning ] [main.cc:16]你好!小明
[default-logger][12:52:01][862383][error   ] [main.cc:17]你好!小明
[default-logger][12:52:01][862383][critical] [main.cc:18]你好!小明
[default-logger][12:52:01][862383][debug   ] [main.cc:19]这是一个测试！
[default-logger][12:54:38][862766][trace   ] [main.cc:13]你好！小明
[default-logger][12:54:38][862766][debug   ] [main.cc:14]你好!小明
[default-logger][12:54:38][862766][info    ] [main.cc:15]你好!小明
[default-logger][12:54:38][862766][warning ] [main.cc:16]你好!小明
[default-logger][12:54:38][862766][error   ] [main.cc:17]你好!小明
[default-logger][12:54:38][862766][critical] [main.cc:18]你好!小明
[default-logger][12:54:38][862766][debug   ] [main.cc:19]这是一个测试！
[default-logger][12:55:31][862841][trace   ] [main.cc:13]你好！小明
[default-logger][12:55:31][862841][debug   ] [main.cc:14]你好!小明
[default-logger][12:55:31][862841][info    ] [main.cc:15]你好!小明
[default-logger][12:55:31][862841][warning ] [main.cc:16]你好!小明
[default-logger][12:55:31][862841][error   ] [main.cc:17]你好!小明
[default-logger][12:55:31][862841][critical] [main.cc:18]你好!小明
[default-logger][12:55:31][862841][debug   ] [main.cc:19]这是一个测试！
